2017-01-27 1:01:24 - PHP Warning:  imagecreatetruecolor(): Invalid image dimensions in /home/httpd/vhosts/sok-store.ru/httpdocs/system/library/image.php on line 105
2017-01-27 1:01:24 - PHP Warning:  imagealphablending() expects parameter 1 to be resource, boolean given in /home/httpd/vhosts/sok-store.ru/httpdocs/system/library/image.php on line 108
2017-01-27 1:01:24 - PHP Warning:  imagesavealpha() expects parameter 1 to be resource, boolean given in /home/httpd/vhosts/sok-store.ru/httpdocs/system/library/image.php on line 109
2017-01-27 1:01:24 - PHP Warning:  imagecolorallocatealpha() expects parameter 1 to be resource, boolean given in /home/httpd/vhosts/sok-store.ru/httpdocs/system/library/image.php on line 110
2017-01-27 1:01:24 - PHP Warning:  imagecolortransparent() expects parameter 1 to be resource, boolean given in /home/httpd/vhosts/sok-store.ru/httpdocs/system/library/image.php on line 111
2017-01-27 1:01:24 - PHP Warning:  imagefilledrectangle() expects parameter 1 to be resource, boolean given in /home/httpd/vhosts/sok-store.ru/httpdocs/system/library/image.php on line 116
2017-01-27 1:01:24 - PHP Warning:  imagecopyresampled() expects parameter 1 to be resource, boolean given in /home/httpd/vhosts/sok-store.ru/httpdocs/system/library/image.php on line 118
2017-01-27 12:32:54 - PHP Warning:  imagecreatetruecolor(): Invalid image dimensions in /home/httpd/vhosts/sok-store.ru/httpdocs/system/library/image.php on line 105
2017-01-27 12:32:54 - PHP Warning:  imagealphablending() expects parameter 1 to be resource, boolean given in /home/httpd/vhosts/sok-store.ru/httpdocs/system/library/image.php on line 108
2017-01-27 12:32:54 - PHP Warning:  imagesavealpha() expects parameter 1 to be resource, boolean given in /home/httpd/vhosts/sok-store.ru/httpdocs/system/library/image.php on line 109
2017-01-27 12:32:54 - PHP Warning:  imagecolorallocatealpha() expects parameter 1 to be resource, boolean given in /home/httpd/vhosts/sok-store.ru/httpdocs/system/library/image.php on line 110
2017-01-27 12:32:54 - PHP Warning:  imagecolortransparent() expects parameter 1 to be resource, boolean given in /home/httpd/vhosts/sok-store.ru/httpdocs/system/library/image.php on line 111
2017-01-27 12:32:54 - PHP Warning:  imagefilledrectangle() expects parameter 1 to be resource, boolean given in /home/httpd/vhosts/sok-store.ru/httpdocs/system/library/image.php on line 116
2017-01-27 12:32:54 - PHP Warning:  imagecopyresampled() expects parameter 1 to be resource, boolean given in /home/httpd/vhosts/sok-store.ru/httpdocs/system/library/image.php on line 118
2017-01-31 4:13:33 - PHP Warning:  imagecreatetruecolor(): Invalid image dimensions in /home/httpd/vhosts/sok-store.ru/httpdocs/system/library/image.php on line 105
2017-01-31 4:13:33 - PHP Warning:  imagealphablending() expects parameter 1 to be resource, boolean given in /home/httpd/vhosts/sok-store.ru/httpdocs/system/library/image.php on line 108
2017-01-31 4:13:33 - PHP Warning:  imagesavealpha() expects parameter 1 to be resource, boolean given in /home/httpd/vhosts/sok-store.ru/httpdocs/system/library/image.php on line 109
2017-01-31 4:13:33 - PHP Warning:  imagecolorallocatealpha() expects parameter 1 to be resource, boolean given in /home/httpd/vhosts/sok-store.ru/httpdocs/system/library/image.php on line 110
2017-01-31 4:13:33 - PHP Warning:  imagecolortransparent() expects parameter 1 to be resource, boolean given in /home/httpd/vhosts/sok-store.ru/httpdocs/system/library/image.php on line 111
2017-01-31 4:13:33 - PHP Warning:  imagefilledrectangle() expects parameter 1 to be resource, boolean given in /home/httpd/vhosts/sok-store.ru/httpdocs/system/library/image.php on line 116
2017-01-31 4:13:33 - PHP Warning:  imagecopyresampled() expects parameter 1 to be resource, boolean given in /home/httpd/vhosts/sok-store.ru/httpdocs/system/library/image.php on line 118
2017-01-31 4:13:36 - PHP Warning:  imagecreatetruecolor(): Invalid image dimensions in /home/httpd/vhosts/sok-store.ru/httpdocs/system/library/image.php on line 105
2017-01-31 4:13:36 - PHP Warning:  imagealphablending() expects parameter 1 to be resource, boolean given in /home/httpd/vhosts/sok-store.ru/httpdocs/system/library/image.php on line 108
2017-01-31 4:13:36 - PHP Warning:  imagesavealpha() expects parameter 1 to be resource, boolean given in /home/httpd/vhosts/sok-store.ru/httpdocs/system/library/image.php on line 109
2017-01-31 4:13:36 - PHP Warning:  imagecolorallocatealpha() expects parameter 1 to be resource, boolean given in /home/httpd/vhosts/sok-store.ru/httpdocs/system/library/image.php on line 110
2017-01-31 4:13:36 - PHP Warning:  imagecolortransparent() expects parameter 1 to be resource, boolean given in /home/httpd/vhosts/sok-store.ru/httpdocs/system/library/image.php on line 111
2017-01-31 4:13:36 - PHP Warning:  imagefilledrectangle() expects parameter 1 to be resource, boolean given in /home/httpd/vhosts/sok-store.ru/httpdocs/system/library/image.php on line 116
2017-01-31 4:13:36 - PHP Warning:  imagecopyresampled() expects parameter 1 to be resource, boolean given in /home/httpd/vhosts/sok-store.ru/httpdocs/system/library/image.php on line 118
2017-02-01 19:58:38 - PHP Warning:  imagecreatetruecolor(): Invalid image dimensions in /home/httpd/vhosts/sok-store.ru/httpdocs/system/library/image.php on line 105
2017-02-01 19:58:38 - PHP Warning:  imagealphablending() expects parameter 1 to be resource, boolean given in /home/httpd/vhosts/sok-store.ru/httpdocs/system/library/image.php on line 108
2017-02-01 19:58:38 - PHP Warning:  imagesavealpha() expects parameter 1 to be resource, boolean given in /home/httpd/vhosts/sok-store.ru/httpdocs/system/library/image.php on line 109
2017-02-01 19:58:38 - PHP Warning:  imagecolorallocatealpha() expects parameter 1 to be resource, boolean given in /home/httpd/vhosts/sok-store.ru/httpdocs/system/library/image.php on line 110
2017-02-01 19:58:38 - PHP Warning:  imagecolortransparent() expects parameter 1 to be resource, boolean given in /home/httpd/vhosts/sok-store.ru/httpdocs/system/library/image.php on line 111
2017-02-01 19:58:38 - PHP Warning:  imagefilledrectangle() expects parameter 1 to be resource, boolean given in /home/httpd/vhosts/sok-store.ru/httpdocs/system/library/image.php on line 116
2017-02-01 19:58:38 - PHP Warning:  imagecopyresampled() expects parameter 1 to be resource, boolean given in /home/httpd/vhosts/sok-store.ru/httpdocs/system/library/image.php on line 118
2017-02-02 3:06:03 - PHP Warning:  imagecreatetruecolor(): Invalid image dimensions in /home/httpd/vhosts/sok-store.ru/httpdocs/system/library/image.php on line 105
2017-02-02 3:06:03 - PHP Warning:  imagealphablending() expects parameter 1 to be resource, boolean given in /home/httpd/vhosts/sok-store.ru/httpdocs/system/library/image.php on line 108
2017-02-02 3:06:03 - PHP Warning:  imagesavealpha() expects parameter 1 to be resource, boolean given in /home/httpd/vhosts/sok-store.ru/httpdocs/system/library/image.php on line 109
2017-02-02 3:06:03 - PHP Warning:  imagecolorallocatealpha() expects parameter 1 to be resource, boolean given in /home/httpd/vhosts/sok-store.ru/httpdocs/system/library/image.php on line 110
2017-02-02 3:06:03 - PHP Warning:  imagecolortransparent() expects parameter 1 to be resource, boolean given in /home/httpd/vhosts/sok-store.ru/httpdocs/system/library/image.php on line 111
2017-02-02 3:06:03 - PHP Warning:  imagefilledrectangle() expects parameter 1 to be resource, boolean given in /home/httpd/vhosts/sok-store.ru/httpdocs/system/library/image.php on line 116
2017-02-02 3:06:03 - PHP Warning:  imagecopyresampled() expects parameter 1 to be resource, boolean given in /home/httpd/vhosts/sok-store.ru/httpdocs/system/library/image.php on line 118
